[    0.000000] Linux version 4.15.0-212-generic (buildd@lcy02-amd64-083) (gcc version 7.5.0 (Ubuntu 7.5.0-3ubuntu1~18.04)) #223-Ubuntu SMP Tue May 23 13:09:22 UTC 2023 (Ubuntu 4.15.0-212.223-generic 4.15.18)
[    0.000000] Command line: BOOT_IMAGE=/boot/vmlinuz-4.15.0-212-generic root=LABEL=cloudimg-rootfs ro console=tty1 console=ttyS0
[    0.000000] KERNEL supported cpus:
[    0.000000]   Intel GenuineIntel
[    0.000000]   AMD AuthenticAMD
[    0.000000]   Centaur CentaurHauls
[    0.000000] x86/fpu: x87 FPU will use FXSAVE
[    0.000000] e820: BIOS-provided physical RAM map:
[    0.000000] BIOS-e820: [mem 0x0000000000000000-0x000000000009fbff] usable
[    0.000000] BIOS-e820: [mem 0x000000000009fc00-0x000000000009ffff] reserved
[    0.000000] BIOS-e820: [mem 0x00000000000f0000-0x00000000000fffff] reserved
[    0.000000] BIOS-e820: [mem 0x0000000000100000-0x000000003ffeffff] usable
[    0.000000] BIOS-e820: [mem 0x000000003fff0000-0x000000003fffffff] ACPI data
[    0.000000] BIOS-e820: [mem 0x00000000fec00000-0x00000000fec00fff] reserved
[    0.000000] BIOS-e820: [mem 0x00000000fee00000-0x00000000fee00fff] reserved
[    0.000000] BIOS-e820: [mem 0x00000000fffc0000-0x00000000ffffffff] reserved
[    0.000000] NX (Execute Disable) protection: active
[    0.000000] SMBIOS 2.5 present.
[    0.000000] DMI: innotek GmbH VirtualBox/VirtualBox, BIOS VirtualBox 12/01/2006
[    0.000000] Hypervisor detected: KVM
[    0.000000] e820: last_pfn = 0x3fff0 max_arch_pfn = 0x400000000
[    0.000000] MTRR: Disabled
[    0.000000] x86/PAT: MTRRs disabled, skipping PAT initialization too.
[    0.000000] CPU MTRRs all blank - virtualized system.
[    0.000000] x86/PAT: Configuration [0-7]: WB  WT  UC- UC  WB  WT  UC- UC  
[    0.000000] found SMP MP-table at [mem 0x0009fff0-0x0009ffff]
[    0.000000] Scanning 1 areas for low memory corruption
[    0.000000] RAMDISK: [mem 0x359cb000-0x36cdcfff]
[    0.000000] ACPI: Early table checksum verification disabled
[    0.000000] ACPI: RSDP 0x00000000000E0000 000024 (v02 VBOX  )
[    0.000000] ACPI: XSDT 0x000000003FFF0030 00003C (v01 VBOX   VBOXXSDT 00000001 ASL  00000061)
[    0.000000] ACPI: FACP 0x000000003FFF00F0 0000F4 (v04 VBOX   VBOXFACP 00000001 ASL  00000061)
[    0.000000] ACPI: DSDT 0x000000003FFF0610 002353 (v02 VBOX   VBOXBIOS 00000002 INTL 20100528)
[    0.000000] ACPI: FACS 0x000000003FFF0200 000040
[    0.000000] ACPI: FACS 0x000000003FFF0200 000040
[    0.000000] ACPI: APIC 0x000000003FFF0240 000054 (v02 VBOX   VBOXAPIC 00000001 ASL  00000061)
[    0.000000] ACPI: SSDT 0x000000003FFF02A0 00036C (v01 VBOX   VBOXCPUT 00000002 INTL 20100528)
[    0.000000] ACPI: Reserving FACP table memory at [mem 0x3fff00f0-0x3fff01e3]
[    0.000000] ACPI: Reserving DSDT table memory at [mem 0x3fff0610-0x3fff2962]
[    0.000000] ACPI: Reserving FACS table memory at [mem 0x3fff0200-0x3fff023f]
[    0.000000] ACPI: Reserving FACS table memory at [mem 0x3fff0200-0x3fff023f]
[    0.000000] ACPI: Reserving APIC table memory at [mem 0x3fff0240-0x3fff0293]
[    0.000000] ACPI: Reserving SSDT table memory at [mem 0x3fff02a0-0x3fff060b]
[    0.000000] No NUMA configuration found
[    0.000000] Faking a node at [mem 0x0000000000000000-0x000000003ffeffff]
[    0.000000] NODE_DATA(0) allocated [mem 0x3ffc5000-0x3ffeffff]
[    0.000000] kvm-clock: cpu 0, msr 0:3ff44001, primary cpu clock
[    0.000000] kvm-clock: Using msrs 4b564d01 and 4b564d00
[    0.000000] kvm-clock: using sched offset of 3826320243 cycles
[    0.000000] clocksource: kvm-clock: mask: 0xffffffffffffffff max_cycles: 0x1cd42e4dffb, max_idle_ns: 881590591483 ns
[    0.000000] Zone ranges:
[    0.000000]   DMA      [mem 0x0000000000001000-0x0000000000ffffff]
[    0.000000]   DMA32    [mem 0x0000000001000000-0x000000003ffeffff]
[    0.000000]   Normal   empty
[    0.000000]   Device   empty
[    0.000000] Movable zone start for each node
[    0.000000] Early memory node ranges
[    0.000000]   node   0: [mem 0x0000000000001000-0x000000000009efff]
[    0.000000]   node   0: [mem 0x0000000000100000-0x000000003ffeffff]
[    0.000000] Reserved but unavailable: 104 pages
[    0.000000] Initmem setup node 0 [mem 0x0000000000001000-0x000000003ffeffff]
[    0.000000] ACPI: PM-Timer IO Port: 0x4008
[    0.000000] IOAPIC[0]: apic_id 1, version 32, address 0xfec00000, GSI 0-23
[    0.000000] ACPI: INT_SRC_OVR (bus 0 bus_irq 0 global_irq 2 dfl dfl)
[    0.000000] ACPI: INT_SRC_OVR (bus 0 bus_irq 9 global_irq 9 low level)
[    0.000000] Using ACPI (MADT) for SMP configuration information
[    0.000000] smpboot: Allowing 1 CPUs, 0 hotplug CPUs
[    0.000000] PM: Registered nosave memory: [mem 0x00000000-0x00000fff]
[    0.000000] PM: Registered nosave memory: [mem 0x0009f000-0x0009ffff]
[    0.000000] PM: Registered nosave memory: [mem 0x000a0000-0x000effff]
[    0.000000] PM: Registered nosave memory: [mem 0x000f0000-0x000fffff]
[    0.000000] e820: [mem 0x40000000-0xfebfffff] available for PCI devices
[    0.000000] Booting paravirtualized kernel on KVM
[    0.000000] clocksource: refined-jiffies: mask: 0xffffffff max_cycles: 0xffffffff, max_idle_ns: 7645519600211568 ns
[    0.000000] setup_percpu: NR_CPUS:8192 nr_cpumask_bits:1 nr_cpu_ids:1 nr_node_ids:1
[    0.000000] percpu: Embedded 50 pages/cpu s167936 r8192 d28672 u2097152
[    0.000000] PV qspinlock hash table entries: 256 (order: 0, 4096 bytes)
[    0.000000] Built 1 zonelists, mobility grouping on.  Total pages: 257913
[    0.000000] Policy zone: DMA32
[    0.000000] Kernel command line: BOOT_IMAGE=/boot/vmlinuz-4.15.0-212-generic root=LABEL=cloudimg-rootfs ro console=tty1 console=ttyS0
[    0.000000] Memory: 982844K/1048120K available (12300K kernel code, 2477K rwdata, 4324K rodata, 2480K init, 2720K bss, 65276K reserved, 0K cma-reserved)
[    0.000000] SLUB: HWalign=64, Order=0-3, MinObjects=0, CPUs=1, Nodes=1
[    0.000000] ftrace: allocating 39508 entries in 155 pages
[    0.004000] Hierarchical RCU implementation.
[    0.004000] 	RCU restricting CPUs from NR_CPUS=8192 to nr_cpu_ids=1.
[    0.004000] 	Tasks RCU enabled.
[    0.004000] RCU: Adjusting geometry for rcu_fanout_leaf=16, nr_cpu_ids=1
[    0.004000] NR_IRQS: 524544, nr_irqs: 256, preallocated irqs: 16
[    0.004000] random: crng init done
[    0.004000] Console: colour VGA+ 80x25
[    0.004000] console [tty1] enabled
[    0.004000] console [ttyS0] enabled
[    0.004000] ACPI: Core revision 20170831
[    0.004000] ACPI: 2 ACPI AML tables successfully acquired and loaded
[    0.004000] APIC: Switch to symmetric I/O mode setup
[    0.004000] ..TIMER: vector=0x30 apic1=0 pin1=2 apic2=-1 pin2=-1
[    0.004005] tsc: Detected 2803.198 MHz processor
[    0.008009] Calibrating delay loop (skipped) preset value.. 5606.39 BogoMIPS (lpj=11212792)
[    0.012002] pid_max: default: 32768 minimum: 301
[    0.016050] Security Framework initialized
[    0.020003] Yama: becoming mindful.
[    0.022518] AppArmor: AppArmor initialized
[    0.026896] Dentry cache hash table entries: 131072 (order: 8, 1048576 bytes)
[    0.029420] Inode-cache hash table entries: 65536 (order: 7, 524288 bytes)
[    0.032061] Mount-cache hash table entries: 2048 (order: 2, 16384 bytes)
[    0.036048] Mountpoint-cache hash table entries: 2048 (order: 2, 16384 bytes)
[    0.041489] Last level iTLB entries: 4KB 0, 2MB 0, 4MB 0
[    0.044002] Last level dTLB entries: 4KB 0, 2MB 0, 4MB 0, 1GB 0
[    0.048003] Spectre V1 : Mitigation: usercopy/swapgs barriers and __user pointer sanitization
[    0.052003] Spectre V2 : Mitigation: Enhanced IBRS
[    0.056001] Spectre V2 : Spectre v2 / SpectreRSB mitigation: Filling RSB on context switch
[    0.060010] Spectre V2 : Spectre v2 / PBRSB-eIBRS: Retire a single CALL on VMEXIT
[    0.064004] RETBleed: Mitigation: Enhanced IBRS
[    0.068004] Speculative Store Bypass: Vulnerable
[    0.080000] Freeing SMP alternatives memory: 36K
[    0.192388] APIC calibration not consistent with PM-Timer: 101ms instead of 100ms
[    0.196000] APIC delta adjusted to PM-Timer: 6217821 (6281727)
[    0.196230] smpboot: CPU0: 11th Gen Intel(R) Core(TM) i7-1165G7 @ 2.80GHz (family: 0x6, model: 0x8c, stepping: 0x1)
[    0.200310] Performance Events: unsupported p6 CPU model 140 no PMU driver, software events only.
[    0.204072] Hierarchical SRCU implementation.
[    0.207211] NMI watchdog: Perf event create on CPU 0 failed with -2
[    0.208002] NMI watchdog: Perf NMI watchdog permanently disabled
[    0.211520] smp: Bringing up secondary CPUs ...
[    0.212002] smp: Brought up 1 node, 1 CPU
[    0.216002] smpboot: Max logical packages: 1
[    0.220002] smpboot: Total of 1 processors activated (5606.39 BogoMIPS)
[    0.224225] devtmpfs: initialized
[    0.226895] x86/mm: Memory block size: 128MB
[    0.228245] evm: security.selinux
[    0.232003] evm: security.SMACK64
[    0.233870] evm: security.SMACK64EXEC
[    0.236002] evm: security.SMACK64TRANSMUTE
[    0.238501] evm: security.SMACK64MMAP
[    0.240001] evm: security.apparmor
[    0.241950] evm: security.ima
[    0.244001] evm: security.capability
[    0.246393] clocksource: jiffies: mask: 0xffffffff max_cycles: 0xffffffff, max_idle_ns: 7645041785100000 ns
[    0.248008] futex hash table entries: 256 (order: 2, 16384 bytes)
[    0.251319] pinctrl core: initialized pinctrl subsystem
[    0.252330] RTC time: 23:36:02, date: 08/11/24
[    0.256278] NET: Registered protocol family 16
[    0.260077] audit: initializing netlink subsys (disabled)
[    0.263527] cpuidle: using governor ladder
[    0.264002] cpuidle: using governor menu
[    0.268006] audit: type=2000 audit(1723419367.956:1): state=initialized audit_enabled=0 res=1
[    0.272042] ACPI: bus type PCI registered
[    0.276003] acpiphp: ACPI Hot Plug PCI Controller Driver version: 0.5
[    0.280106] PCI: Using configuration type 1 for base access
[    0.284000] HugeTLB registered 2.00 MiB page size, pre-allocated 0 pages
[    0.284514] ACPI: Added _OSI(Module Device)
[    0.288003] ACPI: Added _OSI(Processor Device)
[    0.290684] ACPI: Added _OSI(3.0 _SCP Extensions)
[    0.292002] ACPI: Added _OSI(Processor Aggregator Device)
[    0.296012] ACPI: Added _OSI(Linux-Dell-Video)
[    0.300013] ACPI: Added _OSI(Linux-Lenovo-NV-HDMI-Audio)
[    0.304002] ACPI: Added _OSI(Linux-HPI-Hybrid-Graphics)
[    0.308742] ACPI: Executed 1 blocks of module-level executable AML code
[    0.317662] ACPI: Interpreter enabled
[    0.320012] ACPI: (supports S0 S5)
[    0.324003] ACPI: Using IOAPIC for interrupt routing
[    0.328337] PCI: Using host bridge windows from ACPI; if necessary, use "pci=nocrs" and report a bug
[    0.332188] ACPI: Enabled 2 GPEs in block 00 to 07
[    0.343782] ACPI: PCI Root Bridge [PCI0] (domain 0000 [bus 00-ff])
[    0.344007] acpi PNP0A03:00: _OSC: OS supports [ASPM ClockPM Segments MSI]
[    0.348484] acpi PNP0A03:00: _OSC: not requesting OS control; OS requires [ExtendedConfig ASPM ClockPM MSI]
[    0.352025] acpi PNP0A03:00: fail to add MMCONFIG information, can't access extended PCI configuration space under this bridge.
[    0.356471] PCI host bridge to bus 0000:00
[    0.360003] pci_bus 0000:00: root bus resource [io  0x0000-0x0cf7 window]
[    0.364003] pci_bus 0000:00: root bus resource [io  0x0d00-0xffff window]
[    0.368003] pci_bus 0000:00: root bus resource [mem 0x000a0000-0x000bffff window]
[    0.372002] pci_bus 0000:00: root bus resource [mem 0x40000000-0xfdffffff window]
[    0.376003] pci_bus 0000:00: root bus resource [bus 00-ff]
[    0.383679] pci 0000:00:01.1: legacy IDE quirk: reg 0x10: [io  0x01f0-0x01f7]
[    0.384002] pci 0000:00:01.1: legacy IDE quirk: reg 0x14: [io  0x03f6]
[    0.388003] pci 0000:00:01.1: legacy IDE quirk: reg 0x18: [io  0x0170-0x0177]
[    0.392002] pci 0000:00:01.1: legacy IDE quirk: reg 0x1c: [io  0x0376]
[    0.414445] pci 0000:00:07.0: quirk: [io  0x4000-0x403f] claimed by PIIX4 ACPI
[    0.416025] pci 0000:00:07.0: quirk: [io  0x4100-0x410f] claimed by PIIX4 SMB
[    0.428668] ACPI: PCI Interrupt Link [LNKA] (IRQs 5 9 10 *11)
[    0.432338] ACPI: PCI Interrupt Link [LNKB] (IRQs 5 9 *10 11)
[    0.436146] ACPI: PCI Interrupt Link [LNKC] (IRQs 5 *9 10 11)
[    0.440131] ACPI: PCI Interrupt Link [LNKD] (IRQs 5 9 10 *11)
[    0.444501] SCSI subsystem initialized
[    0.448188] pci 0000:00:02.0: vgaarb: setting as boot VGA device
[    0.451614] pci 0000:00:02.0: vgaarb: VGA device added: decodes=io+mem,owns=io+mem,locks=none
[    0.452003] pci 0000:00:02.0: vgaarb: bridge control possible
[    0.456002] vgaarb: loaded
[    0.457709] ACPI: bus type USB registered
[    0.460015] usbcore: registered new interface driver usbfs
[    0.464006] usbcore: registered new interface driver hub
[    0.466949] usbcore: registered new device driver usb
[    0.468106] EDAC MC: Ver: 3.0.0
[    0.472602] PCI: Using ACPI for IRQ routing
[    0.475446] NetLabel: Initializing
[    0.476002] NetLabel:  domain hash size = 128
[    0.480002] NetLabel:  protocols = UNLABELED CIPSOv4 CALIPSO
[    0.483100] NetLabel:  unlabeled traffic allowed by default
[    0.484141] clocksource: Switched to clocksource kvm-clock
[    0.517452] VFS: Disk quotas dquot_6.6.0
[    0.523570] VFS: Dquot-cache hash table entries: 512 (order 0, 4096 bytes)
[    0.528433] AppArmor: AppArmor Filesystem Enabled
[    0.531494] pnp: PnP ACPI init
[    0.534942] pnp: PnP ACPI: found 3 devices
[    0.546213] clocksource: acpi_pm: mask: 0xffffff max_cycles: 0xffffff, max_idle_ns: 2085701024 ns
[    0.552273] NET: Registered protocol family 2
[    0.555560] IP idents hash table entries: 16384 (order: 5, 131072 bytes)
[    0.560727] TCP established hash table entries: 8192 (order: 4, 65536 bytes)
[    0.565809] TCP bind hash table entries: 8192 (order: 5, 131072 bytes)
[    0.570768] TCP: Hash tables configured (established 8192 bind 8192)
[    0.577552] UDP hash table entries: 512 (order: 2, 16384 bytes)
[    0.581876] UDP-Lite hash table entries: 512 (order: 2, 16384 bytes)
[    0.586009] NET: Registered protocol family 1
[    0.588828] pci 0000:00:00.0: Limiting direct PCI/PCI transfers
[    0.592851] pci 0000:00:01.0: Activating ISA DMA hang workarounds
[    0.597564] pci 0000:00:02.0: Video device with shadowed ROM at [mem 0x000c0000-0x000dffff]
[    0.603816] Unpacking initramfs...
[    0.978534] Freeing initrd memory: 19528K
[    0.983218] clocksource: tsc: mask: 0xffffffffffffffff max_cycles: 0x28680e0a5c3, max_idle_ns: 440795346756 ns
[    0.992294] platform rtc_cmos: registered platform RTC device (no PNP device found)
[    1.001063] Scanning for low memory corruption every 60 seconds
[    1.008871] Initialise system trusted keyrings
[    1.014459] Key type blacklist registered
[    1.019202] workingset: timestamp_bits=36 max_order=18 bucket_order=0
[    1.027198] zbud: loaded
[    1.030794] squashfs: version 4.0 (2009/01/31) Phillip Lougher
[    1.035246] fuse init (API version 7.26)
[    1.039549] Key type asymmetric registered
[    1.044158] Asymmetric key parser 'x509' registered
[    1.047607] Block layer SCSI generic (bsg) driver version 0.4 loaded (major 246)
[    1.054207] io scheduler noop registered
[    1.058046] io scheduler deadline registered
[    1.063445] io scheduler cfq registered (default)
[    1.069707] ACPI: AC Adapter [AC] (off-line)
[    1.072984] input: Power Button as /devices/LNXSYSTM:00/LNXPWRBN:00/input/input0
[    1.079590] ACPI: Power Button [PWRF]
[    1.083222] input: Sleep Button as /devices/LNXSYSTM:00/LNXSLPBN:00/input/input1
[    1.088557] ACPI: Sleep Button [SLPF]
[    1.092589] ACPI: Battery Slot [BAT0] (battery present)
[    1.097470] Serial: 8250/16550 driver, 32 ports, IRQ sharing enabled
[    1.128595] 00:02: ttyS0 at I/O 0x3f8 (irq = 4, base_baud = 115200) is a 16550A
[    1.137298] Linux agpgart interface v0.103
[    1.142464] loop: module loaded
[    1.146720] scsi host0: ata_piix
[    1.149235] scsi host1: ata_piix
[    1.152231] ata1: PATA max UDMA/33 cmd 0x1f0 ctl 0x3f6 bmdma 0xd000 irq 14
[    1.157910] ata2: PATA max UDMA/33 cmd 0x170 ctl 0x376 bmdma 0xd008 irq 15
[    1.164704] tun: Universal TUN/TAP device driver, 1.6
[    1.168340] PPP generic driver version 2.4.2
[    1.171889] ehci_hcd: USB 2.0 'Enhanced' Host Controller (EHCI) Driver
[    1.176172] ehci-pci: EHCI PCI platform driver
[    1.179092] ehci-platform: EHCI generic platform driver
[    1.182686] ohci_hcd: USB 1.1 'Open' Host Controller (OHCI) Driver
[    1.186739] ohci-pci: OHCI PCI platform driver
[    1.189802] ohci-platform: OHCI generic platform driver
[    1.193663] uhci_hcd: USB Universal Host Controller Interface driver
[    1.198080] i8042: PNP: PS/2 Controller [PNP0303:PS2K,PNP0f03:PS2M] at 0x60,0x64 irq 1,12
[    1.206641] serio: i8042 KBD port at 0x60,0x64 irq 1
[    1.210173] serio: i8042 AUX port at 0x60,0x64 irq 12
[    1.214327] mousedev: PS/2 mouse device common for all mice
[    1.219473] input: AT Translated Set 2 keyboard as /devices/platform/i8042/serio0/input/input2
[    1.226656] rtc_cmos rtc_cmos: rtc core: registered rtc_cmos as rtc0
[    1.234485] rtc_cmos rtc_cmos: alarms up to one day, 114 bytes nvram
[    1.239707] i2c /dev entries driver
[    1.242468] device-mapper: uevent: version 1.0.3
[    1.245625] device-mapper: ioctl: 4.37.0-ioctl (2017-09-20) initialised: dm-devel@redhat.com
[    1.250987] ledtrig-cpu: registered to indicate activity on CPUs
[    1.256113] NET: Registered protocol family 10
[    1.263019] Segment Routing with IPv6
[    1.266941] NET: Registered protocol family 17
[    1.272799] Key type dns_resolver registered
[    1.278979] mce: Using 0 MCE banks
[    1.283917] RAS: Correctable Errors collector initialized.
[    1.290674] sched_clock: Marking stable (1290598118, 0)->(1795614395, -505016277)
[    1.297606] registered taskstats version 1
[    1.301571] Loading compiled-in X.509 certificates
[    1.307785] Loaded X.509 cert 'Build time autogenerated kernel key: b5b26778eaa3ab3a4a6cee031137706e947d12ad'
[    1.316980] Loaded X.509 cert 'Canonical Ltd. Live Patch Signing: 14df34d1a87cf37625abec039ef2bf521249b969'
[    1.371365] Loaded X.509 cert 'Canonical Ltd. Kernel Module Signing: 88f752e560a1e0737e31163a466ad7b70a850c19'
[    1.380249] blacklist: Loading compiled-in revocation X.509 certificates
[    1.386422] Loaded X.509 cert 'Canonical Ltd. Secure Boot Signing: 61482aa2830d0ab2ad5af10b7250da9033ddcef0'
[    1.393523] Loaded X.509 cert 'Canonical Ltd. Secure Boot Signing (2017): 242ade75ac4a15e50d50c84b0d45ff3eae707a03'
[    1.401568] Loaded X.509 cert 'Canonical Ltd. Secure Boot Signing (ESM 2018): 365188c1d374d6b07c3c8f240f8ef722433d6a8b'
[    1.409550] Loaded X.509 cert 'Canonical Ltd. Secure Boot Signing (2019): c0746fd6c5da3ae827864651ad66ae47fe24b3e8'
[    1.418006] Loaded X.509 cert 'Canonical Ltd. Secure Boot Signing (2021 v1): a8d54bbb3825cfb94fa13c9f8a594a195c107b8d'
[    1.425004] Loaded X.509 cert 'Canonical Ltd. Secure Boot Signing (2021 v2): 4cf046892d6fd3c9a5b03f98d845f90851dc6a8c'
[    1.432107] Loaded X.509 cert 'Canonical Ltd. Secure Boot Signing (2021 v3): 100437bb6de6e469b581e61cd66bce3ef4ed53af'
[    1.439681] Loaded X.509 cert 'Canonical Ltd. Secure Boot Signing (Ubuntu Core 2019): c1d57b8f6b743f23ee41f4f7ee292f06eecadfb9'
[    1.450530] zswap: loaded using pool lzo/zbud
[    1.458554] Key type big_key registered
[    1.463858] Key type trusted registered
[    1.470121] Key type encrypted registered
[    1.475133] AppArmor: AppArmor sha1 policy hashing enabled
[    1.480730] ima: No TPM chip found, activating TPM-bypass! (rc=-19)
[    1.486582] ima: Allocated hash algorithm: sha1
[    1.490114] evm: HMAC attrs: 0x1
[    1.492934]   Magic number: 4:860:655
[    1.497575] rtc_cmos rtc_cmos: setting system clock to 2024-08-11 23:36:03 UTC (1723419363)
[    1.504931] BIOS EDD facility v0.16 2004-Jun-25, 0 devices found
[    1.509054] EDD information not available.
[    1.514248] Freeing unused kernel image memory: 2480K
[    1.524498] Write protecting the kernel read-only data: 20480k
[    1.529467] Freeing unused kernel image memory: 2008K
[    1.533482] Freeing unused kernel image memory: 1820K
[    1.544158] x86/mm: Checked W+X mappings: passed, no W+X pages found.
Loading, please wait...
starting version 237
[    1.632060] e1000: Intel(R) PRO/1000 Network Driver - version 7.3.21-k8-NAPI
[    1.636065] e1000: Copyright (c) 1999-2006 Intel Corporation.
[    1.642516] Fusion MPT base driver 3.04.20
[    1.644966] Copyright (c) 1999-2008 LSI Corporation
[    1.666541] SSE version of gcm_enc/dec engaged.
[    1.697409] Fusion MPT SPI Host driver 3.04.20
[    1.880329] input: ImExPS/2 Generic Explorer Mouse as /devices/platform/i8042/serio1/input/input4
[    2.244945] e1000 0000:00:03.0 eth0: (PCI:33MHz:32-bit) 02:3b:7b:b7:3b:2d
[    2.251979] e1000 0000:00:03.0 eth0: Intel(R) PRO/1000 Network Connection
[    2.259086] mptbase: ioc0: Initiating bringup
[    2.376525] ioc0: LSI53C1030 A0: Capabilities={Initiator}
[    2.643047] scsi host2: ioc0: LSI53C1030 A0, FwRev=00000000h, Ports=1, MaxQ=256, IRQ=20
[    2.818864] scsi 2:0:0:0: Direct-Access     VBOX     HARDDISK         1.0  PQ: 0 ANSI: 5
[    2.831114] scsi target2:0:0: Beginning Domain Validation
[    2.843606] scsi target2:0:0: Domain Validation skipping write tests
[    2.851014] scsi target2:0:0: Ending Domain Validation
[    2.857657] scsi target2:0:0: asynchronous
[    2.863387] scsi 2:0:1:0: Direct-Access     VBOX     HARDDISK         1.0  PQ: 0 ANSI: 5
[    2.870019] scsi target2:0:1: Beginning Domain Validation
[    2.953257] scsi target2:0:1: Domain Validation skipping write tests
[    2.959651] scsi target2:0:1: Ending Domain Validation
[    2.969930] scsi target2:0:1: asynchronous
[    3.085960] sd 2:0:0:0: [sda] 83886080 512-byte logical blocks: (42.9 GB/40.0 GiB)
[    3.093329] sd 2:0:0:0: Attached scsi generic sg0 type 0
[    3.098430] sd 2:0:1:0: Attached scsi generic sg1 type 0
[    3.103000] sd 2:0:0:0: [sda] Write Protect is off
[    3.106948] sd 2:0:1:0: [sdb] 20480 512-byte logical blocks: (10.5 MB/10.0 MiB)
[    3.118878] sd 2:0:1:0: [sdb] Write Protect is off
[    3.124959] sd 2:0:0:0: [sda] Incomplete mode parameter data
[    3.130913] sd 2:0:0:0: [sda] Assuming drive cache: write through
[    3.147209] sd 2:0:1:0: [sdb] Incomplete mode parameter data
[    3.153440] sd 2:0:1:0: [sdb] Assuming drive cache: write through
[    3.184849]  sda: sda1
[    3.199940] sd 2:0:0:0: [sda] Attached SCSI disk
[    3.207440] sd 2:0:1:0: [sdb] Attached SCSI disk
[    3.507653] e1000 0000:00:08.0 eth1: (PCI:33MHz:32-bit) 08:00:27:a6:9c:d7
[    3.513501] e1000 0000:00:08.0 eth1: Intel(R) PRO/1000 Network Connection
[    3.521049] e1000 0000:00:08.0 enp0s8: renamed from eth1
[    3.537290] e1000 0000:00:03.0 enp0s3: renamed from eth0
Begin: Loading essential drivers ... [    5.332237] raid6: sse2x1   gen() 13888 MB/s
[    5.384074] raid6: sse2x1   xor()  9491 MB/s
[    5.436153] raid6: sse2x2   gen() 22357 MB/s
[    5.488376] raid6: sse2x2   xor() 15023 MB/s
[    5.540091] raid6: sse2x4   gen() 23211 MB/s
[    5.592067] raid6: sse2x4   xor() 13210 MB/s
[    5.596105] raid6: using algorithm sse2x4 gen() 23211 MB/s
[    5.602564] raid6: .... xor() 13210 MB/s, rmw enabled
[    5.606827] raid6: using ssse3x2 recovery algorithm
[    5.610886] xor: measuring software checksum speed
[    5.716705]    prefetch64-sse: 69781.000 MB/sec
[    5.820070]    generic_sse: 61116.000 MB/sec
[    5.824993] xor: using function: prefetch64-sse (69781.000 MB/sec)
[    5.830849] async_tx: api initialized (async)
done.
Begin: Running /scripts/init-premount ... done.
Begin: Mounting root file system ... Begin: Running /scripts/local-top ... done.
Begin: Running /scripts/local-premount ... [    5.877827] Btrfs loaded, crc32c=crc32c-intel
Scanning for Btrfs filesystems
done.
Warning: fsck not present, so skipping root file system
[    5.931000] EXT4-fs (sda1): mounted filesystem with ordered data mode. Opts: (null)
done.
Begin: Running /scripts/local-bottom ... done.
Begin: Running /scripts/init-bottom ... done.
[    6.210636] ip_tables: (C) 2000-2006 Netfilter Core Team
[    6.232862] systemd[1]: systemd 237 running in system mode. (+PAM +AUDIT +SELINUX +IMA +APPARMOR +SMACK +SYSVINIT +UTMP +LIBCRYPTSETUP +GCRYPT +GNUTLS +ACL +XZ +LZ4 +SECCOMP +BLKID +ELFUTILS +KMOD -IDN2 +IDN -PCRE2 default-hierarchy=hybrid)
[    6.247444] systemd[1]: Detected virtualization oracle.
[    6.250872] systemd[1]: Detected architecture x86-64.

Welcome to [1mUbuntu 18.04.6 LTS[0m!

[    6.258341] systemd[1]: Set hostname to <ubuntu>.
[    6.266389] systemd[1]: Initializing machine ID from random generator.
[    6.269981] systemd[1]: Installed transient /etc/machine-id file.
[    6.614862] systemd[1]: Created slice System Slice.
[[0;32m  OK  [0m] Created slice System Slice.
[    6.622950] systemd[1]: Listening on Device-mapper event daemon FIFOs.
[[0;32m  OK  [0m] Listening on Device-mapper event daemon FIFOs.
[    6.630305] systemd[1]: Listening on Network Service Netlink Socket.
[[0;32m  OK  [0m] Listening on Network Service Netlink Socket.
[    6.637051] systemd[1]: Listening on LVM2 metadata daemon socket.
[[0;32m  OK  [0m] Listening on LVM2 metadata daemon socket.
[[0;32m  OK  [0m] Listening on udev Control Socket.
[[0;32m  OK  [0m] Listening on Syslog Socket.
[[0;32m  OK  [0m] Listening on Journal Socket.
         Starting Uncomplicated firewall...
         Mounting Kernel Debug File System...
[[0;32m  OK  [0m] Listening on Journal Socket (/dev/log).
[[0;32m  OK  [0m] Listening on LVM2 poll daemon socket.
[[0;32m  OK  [0m] Created slice User and Session Slice.
[[0;32m  OK  [0m] Created slice system-serial\x2dgetty.slice.
[[0;32m  OK  [0m] Listening on Journal Audit Socket.
         Starting Journal Service...
         Starting Monitoring of LVM2 mirrors…ng dmeventd or progress polling...
         Starting Set the console keyboard layout...
[[0;32m  OK  [0m] Reached target User and Group Name Lookups.
[[0;32m  OK  [0m] Started Forward Password Requests to Wall Directory Watch.
         Mounting POSIX Message Queue File System...
[[0;32m  OK  [0m] Reached target Mounting snaps.
[[0;32m  OK  [0m] Reached target Mounted snaps.
[[0;32m  OK  [0m] Listening on udev Kernel Socket.
         Starting udev Coldplug all Devices...
[[0;32m  OK  [0m] Listening on fsck to fsckd communication Socket.
         Starting File System Check on Root Device...
[[0;32m  OK  [0m] Reached target Swap.
[[0;32m  OK  [0m] Reached target Slices.
         Starting Create list of required st…ce nodes for the current kernel...
[[0;32m  OK  [0m] Set up automount Arbitrary Executab…rmats File System Automount Point.
         Starting Load Kernel Modules...
[[0;32m  OK  [0m] Listening on /dev/initctl Compatibility Named Pipe.
[[0;32m  OK  [0m] Reached target System Time Synchronized.
         Mounting Huge Pages File System...
[[0;32m  OK  [0m] Started Journal Service.
[    6.831308] Loading iSCSI transport class v2.0-870.
[[0;32m  OK  [0m] Started Uncomplicated firewall.
[[0;32m  OK  [0m] Mounted Kernel Debug File System.
[[0;32m  OK  [0m] Mounted POSIX Message Queue File System.
[[0;32m  OK  [0m] Started Create list of required sta…vice nodes for the current kernel.
[[0;32m  OK  [0m] Mounted Huge Pages File System.
[[0;32m  OK  [0m] Started LVM2 metadata daemon.
[[0;32m  OK  [0m] Started File System Check Daemon to report status.
         Starting Create Static Device Nodes in /dev...[    6.865786] iscsi: registered transport (tcp)

[[0;32m  OK  [0m] Started File System Check on Root Device.
         Starting Remount Root and Kernel File Systems...
[[0;32m  OK  [0m] Started udev Coldplug all Devices.
[[0;32m  OK  [0m] Started Create Static Device Nodes in /dev.
[    6.973589] iscsi: registered transport (iser)
[[0;32m  OK  [0m] Started Load Kernel Modules.
         Mounting Kernel Configuration File System...
         Starting Apply Kernel Variables...
         Mounting FUSE Control File System...
[[0;32m  OK  [0m] Mounted Kernel Configuration File System.
[[0;32m  OK  [0m] Mounted FUSE Control File System.
[    7.019984] EXT4-fs (sda1): re-mounted. Opts: (null)
[[0;32m  OK  [0m] Started Remount Root and Kernel File Systems.
         Starting Load/Save Random Seed...
         Starting udev Kernel Device Manager...
         Starting Flush Journal to Persistent Storage...
[[0;32m  OK  [0m] Started Monitoring of LVM2 mirrors,…sing dmeventd or progress polling.
[[0;32m  OK  [0m] Started Load/Save Random Seed.
[[0;32m  OK  [0m] Started Apply Kernel Variables.
[[0;32m  OK  [0m] Started udev Kernel Device Manager.
[[0;32m  OK  [0m] Started Flush Journal to Persistent Storage.
[[0;32m  OK  [0m] Found device /dev/ttyS0.
[[0;32m  OK  [0m] Listening on Load/Save RF Kill Switch Status /dev/rfkill Watch.
[[0;32m  OK  [0m] Started Set the console keyboard layout.
[[0;32m  OK  [0m] Reached target Local File Systems (Pre).
[[0;32m  OK  [0m] Reached target Local File Systems.
         Starting Commit a transient machine-id on disk...
         Starting ebtables ruleset management...
         Starting AppArmor initialization...
         Starting Set console font and keymap...
         Starting Tell Plymouth To Write Out Runtime Data...
         Starting Create Volatile Files and Directories...
[[0;32m  OK  [0m] Started Dispatch Password Requests to Console Directory Watch.
[[0;32m  OK  [0m] Reached target Local Encrypted Volumes.
[[0;32m  OK  [0m] Started Commit a transient machine-id on disk.
[[0;32m  OK  [0m] Started Tell Plymouth To Write Out Runtime Data.
[[0;32m  OK  [0m] Started Create Volatile Files and Directories.
         Starting Update UTMP about System Boot/Shutdown...
[[0;32m  OK  [0m] Started Update UTMP about System Boot/Shutdown.
[[0;32m  OK  [0m] Started ebtables ruleset management.
         Mounting Arbitrary Executable File Formats File System...
[[0;32m  OK  [0m] Mounted Arbitrary Executable File Formats File System.
[[0;32m  OK  [0m] Started AppArmor initialization.
         Starting Initial cloud-init job (pre-networking)...
         Starting Load AppArmor profiles managed internally by snapd...
[[0;32m  OK  [0m] Started Load AppArmor profiles managed internally by snapd.
[[0;32m  OK  [0m] Started Set console font and keymap.
[   10.956901] cloud-init[769]: Cloud-init v. 23.1.2-0ubuntu0~18.04.1 running 'init-local' at Sun, 11 Aug 2024 23:36:12 +0000. Up 10.69 seconds.
[[0;32m  OK  [0m] Started Initial cloud-init job (pre-networking).
[[0;32m  OK  [0m] Reached target Network (Pre).
         Starting Network Service...
[[0;32m  OK  [0m] Started Network Service.
         Starting Wait for Network to be Configured...
         Starting Network Name Resolution...
[[0;32m  OK  [0m] Started Network Name Resolution.
[[0;32m  OK  [0m] Reached target Host and Network Name Lookups.
[[0;32m  OK  [0m] Reached target Network.
[[0;32m  OK  [0m] Started Wait for Network to be Configured.
         Starting Initial cloud-init job (metadata service crawler)...
[   12.816475] cloud-init[924]: Cloud-init v. 23.1.2-0ubuntu0~18.04.1 running 'init' at Sun, 11 Aug 2024 23:36:14 +0000. Up 12.71 seconds.
[   12.825863] cloud-init[924]: ci-info: ++++++++++++++++++++++++++++++++++++++Net device info+++++++++++++++++++++++++++++++++++++++
[   12.839713] cloud-init[924]: ci-info: +--------+-------+----------------------------+---------------+--------+-------------------+
[   12.854488] cloud-init[924]: ci-info: | Device |   Up  |          Address           |      Mask     | Scope  |     Hw-Address    |
[   12.865747] cloud-init[924]: ci-info: +--------+-------+----------------------------+---------------+--------+-------------------+
[   12.875569] cloud-init[924]: ci-info: | enp0s3 |  True |         10.0.2.15          | 255.255.255.0 | global | 02:3b:7b:b7:3b:2d |
[   12.884958] cloud-init[924]: ci-info: | enp0s3 |  True | fe80::3b:7bff:feb7:3b2d/64 |       .       |  link  | 02:3b:7b:b7:3b:2d |
[   12.889132] cloud-init[924]: ci-info: | enp0s8 | False |             .              |       .       |   .    | 08:00:27:a6:9c:d7 |
[   12.904604] cloud-init[924]: ci-info: |   lo   |  True |         127.0.0.1          |   255.0.0.0   |  host  |         .         |
[   12.909694] cloud-init[924]: ci-info: |   lo   |  True |          ::1/128           |       .       |  host  |         .         |
[   12.932183] cloud-init[924]: ci-info: +--------+-------+----------------------------+---------------+--------+-------------------+
[   12.939278] cloud-init[924]: ci-info: ++++++++++++++++++++++++++++Route IPv4 info+++++++++++++++++++++++++++++
[   12.947862] cloud-init[924]: ci-info: +-------+-------------+----------+-----------------+-----------+-------+
[   12.964357] cloud-init[924]: ci-info: | Route | Destination | Gateway  |     Genmask     | Interface | Flags |
[   12.984352] cloud-init[924]: ci-info: +-------+-------------+----------+-----------------+-----------+-------+
[   12.990054] cloud-init[924]: ci-info: |   0   |   0.0.0.0   | 10.0.2.2 |     0.0.0.0     |   enp0s3  |   UG  |
[   13.003894] cloud-init[924]: ci-info: |   1   |   10.0.2.0  | 0.0.0.0  |  255.255.255.0  |   enp0s3  |   U   |
[   13.014446] cloud-init[924]: ci-info: |   2   |   10.0.2.2  | 0.0.0.0  | 255.255.255.255 |   enp0s3  |   UH  |
[   13.032515] cloud-init[924]: ci-info: +-------+-------------+----------+-----------------+-----------+-------+
[   13.037246] cloud-init[924]: ci-info: +++++++++++++++++++Route IPv6 info+++++++++++++++++++
[   13.041384] cloud-init[924]: ci-info: +-------+-------------+---------+-----------+-------+
[   13.045079] cloud-init[924]: ci-info: | Route | Destination | Gateway | Interface | Flags |
[   13.049285] cloud-init[924]: ci-info: +-------+-------------+---------+-----------+-------+
[   13.054244] cloud-init[924]: ci-info: |   1   |  fe80::/64  |    ::   |   enp0s3  |   U   |
[   13.058303] cloud-init[924]: ci-info: |   3   |    local    |    ::   |   enp0s3  |   U   |
[   13.062088] cloud-init[924]: ci-info: |   4   |   ff00::/8  |    ::   |   enp0s3  |   U   |
[   13.098721] cloud-init[924]: ci-info: +-------+-------------+---------+-----------+-------+
[   13.924993] cloud-init[924]: Generating public/private rsa key pair.
[   13.936198] cloud-init[924]: Your identification has been saved in /etc/ssh/ssh_host_rsa_key.
[   13.956220] cloud-init[924]: Your public key has been saved in /etc/ssh/ssh_host_rsa_key.pub.
[[0;32m  OK  [0m[   13.980487] cloud-init[924]: The key fingerprint is:
] Started Initial cloud-init job (metadata service crawler).
[[0;32m  OK  [0m] Reached target Network is Online.
[[0;32m  OK  [0m] Reached target Remote File Systems (Pre).
[[0;32m  OK  [0m] Reached target Remote File Systems.
[   13.997427] cloud-init[924]: SHA256:64a97ApIdiA+EdgqFyJC4zTWaIf77CE3rJFevqoaFtk root@ubuntu-bionic         Starting Availability of block devices...
[[0;32m  OK  [0m] Reached target System Initialization.

[   14.006332] cloud-init[924]: The key's randomart image is:
[   14.008833] cloud-init[924]: +---[RSA 2048]----+
[[0;32m  OK  [0m] Listening on D-Bus System Message Bus Socket.
[   14.023392] cloud-init         [924]: |oO+              |
[   14.029747] cloud-init[924]: |O+*o             |Starting LXD - unix socket.
         Starting Socket activation for snappy daemon.
[[0;32m  OK  [0m] Listening on ACPID Listen Socket.

[[0;32m  OK  [0m] Started ACPI Events Check.
[[0;32m  OK  [0m] Started Ubuntu Advantage Timer for running repeated jobs.
[   14.050277] cloud-init[924]: |==+.             |[[0;32m  OK  [0m] Started Discard unused blocks once a week.
[[0;32m  OK  [0m] Listening on UUID daemon activation socket.

[   14.068606] cloud-init[924]: |+o=.             |
[[0;32m  OK  [0m] Reached target Paths.
[[0;32m  OK  [0m] Started Daily Cleanup of Temporary Directories.
[   14.083833] cloud-init[924]: |.*BE.   S        |
[   14.091226] cloud-init[[0;32m  OK  [0m] Started Message of the Day.
[[0;32m  OK  [0m] Listening on cloud-init hotplug hook socket.
[924]: | *o@     .       |
[   14.108589] cloud-init[924]: |o.X +  o.        |
[[0;32m  OK  [0m] Listening on Open-iSCSI iscsid Socket.
[[0;32m  OK  [0m] Started Daily apt download activities.
[[0;32m  OK  [0m] Started Daily apt upgrade and clean activities.
[[0;32m  OK  [0m] Reached target Timers.
[[0;32m  OK  [0m] Reached target Cloud-config availability.
[   14.123881] cloud-init[924]: |.+ o ..oo        |[[0;32m  OK  [0m] Started Availability of block devices.
[[0;32m  OK  [0m] Listening on LXD - unix socket.
[
[   14.140971] cloud-init[924]: |=.... .+=.       |
[   14.143627] [0;32m  OK  [0m] Listening on Socket activation for snappy daemon.
[[0;32m  OK  [0m] Reached target Sockets.
[cloud-init[924]: +----[SHA256]-----+
[   14.150376] cloud-init[924]: Generating public/private dsa key pair.
[0;32m  OK  [0m] Reached target Basic System.
[[0;32m  OK  [0m] Started Deferred execution scheduler.
         Starting Virtualbox guest utils...
[   14.165985] cloud-init[924]: Your identification has been saved in /etc/ssh/ssh_host_dsa_key.
[   14.172653] cloud-init[924]: Your public key has been saved in /etc/ssh/ssh_host_dsa_key.pub.
         [   14.208752] cloud-init[924]: The key fingerprint is:Starting Dispatcher daemon for systemd-networkd...
         Starting Permit User Sessions...

         Starting LSB: Record successful boot for GRUB...[   14.244129] cloud-init[924]: 
         Starting Login Service...
[[0;32m  OK  [0m] Started irqbalance daemon.
         Starting LXD - container startup/shutdown...
SHA256:JmEQzmnkm3eWRMqdSmYGgVXxAenr85jkt4vHKw5Eye0 root@ubuntu-bionic
[   14.274110] cloud-init[924]: The key's randomart image is:
[   14.286783] cloud-init[924]: +---[DSA 1024]----+
[   14.299937] cloud-init[924]: |   oB+++o        |
[   14.311672] cloud-init[924]: |  .* B.= o       |
[   14.328952] cloud-init[924]: |    X.@ =        |
[   14.343177] cloud-init[924]: |   o X.+ .       |
[   14.353916] cloud-init[924]: |    + E.S        |
[   14.358344] cloud-init[924]: |   . ..=         |
[   14.364494] cloud-init[924]: |    ....         |
[[0;32m  OK  [0m] Started Regular background program processing daemon.
[   14.381274] cloud-init[924]: |     ++++        |
[   14.390047] cloud-init[924]: |     .**=+       |
[   14.397298] cloud-init[924]: +----[SHA256]-----+
[   14.404097] cloud-init[924]: Generating public/private ecdsa key pair.
[   14.409998] cloud-init[924]: Your identification has been saved in /etc/ssh/ssh_host_ecdsa_key.
[   14.416630]          Starting Snap Daemon...
[[0;32m  OK  [0m] Reached target Login Prompts (Pre).
         Starting LSB: automatic crash report generation...
cloud-init[924]: [[0;32m  OK  [0m] Started FUSE filesystem for LXC.
Your public key has been saved in /etc/ssh/ssh_host_ecdsa_key.pub.         Starting Accounts Service...
[[0;32m  OK  [0m] Started D-Bus System Message Bus.

[   14.449667] cloud-init[924]: The key fingerprint is:
[   14.458232] cloud-init[924]: SHA256:Col1qEjNVoxKKTyE1Y++Hqlw0FkV+2HoTLgoUUADQlE root@ubuntu-bionic
[   14.476851] cloud-init[924]: The key's randomart image is:
[   14.485798] cloud-init[924]: +---[ECDSA 256]---+
[   14.500217] cloud-init[924]: |@O*Eo.o.         |
[   14.504421] cloud-init[924]: |+*+.o= o         |
[   14.509079] cloud-init[924]: |+.o+=o= o        |
[   14.524677] cloud-init[924]: |.=.B.B.o .       |
[   14.540463] cloud-init[924]: |+ *.+ o S        |
[   14.552327] cloud-init[924]: | o  .o .         |
[   14.564513] cloud-init[924]: |. . o..          |
[   14.576401] cloud-init[924]: | o ...           |
[   14.578856] cloud-init[924]: |  ...            |
[   14.587905] cloud-init[924]: +----[SHA256]-----+
[   14.600494] cloud-init[924]: Generating public/private ed25519 key pair.
[   14.609739] cloud-init[924]: Your identification has been saved in /etc/ssh/ssh_host_ed25519_key.
[   14.636333] cloud-init[924]: Your public key has been saved in /etc/ssh/ssh_host_ed25519_key.pub.
[   14.654250] cloud-init[924]: The key fingerprint is:
[   14.662030] cloud-init[924]: SHA256:OX+qkcgQJ7FRpi67IEGOdVOfEeVyOo3awAm8cllWiEY root@ubuntu-bionic
[   14.680243] cloud-init[924]: The key's randomart image is:
[   14.685342] cloud-init[924]: +--[ED25519 256]--+
[   14.691686] cloud-init[924]: |   .Eo+.+o.      |
[   14.708896] cloud-init[924]: |   .oB.o +       |
[   14.714917] cloud-init[924]: | ...X + + o      |
[   14.736400] cloud-init[924]: |+. o % . B       |
[   14.748454] cloud-init[924]: |o.o * + S .      |
[   14.753176] cloud-init[924]: | . = o = =       |
[   14.757137] cloud-init[924]: |o .   + + . .    |
[   14.762010] cloud-init[924]: |.. .     . o     |
[   14.770813] cloud-init[924]: |  .     ...      |
[   14.779259] cloud-init[924]: +----[SHA256]-----+
[[0;32m  OK  [0m] Started Login Service.
[[0;32m  OK  [0m] Started Unattended Upgrades Shutdown.
         Starting System Logging Service...
         Starting Pollinate to seed the pseudo random number generator...
[[0;32m  OK  [0m] Started Dispatcher daemon for systemd-networkd.
[[0;32m  OK  [0m] Started System Logging Service.
[[0;32m  OK  [0m] Started Permit User Sessions.
[[0;32m  OK  [0m] Started LXD - container startup/shutdown.
         Starting Hold until boot process finishes up...
         Starting Terminate Plymouth Boot Screen...
[[0;32m  OK  [0m] Started Hold until boot process finishes up.
         Starting Set console scheme...
[[0;32m  OK  [0m] Started Serial Getty on ttyS0.
[[0;32m  OK  [0m] Started LSB: automatic crash report generation.
[[0;32m  OK  [0m] Started Terminate Plymouth Boot Screen.
[[0;32m  OK  [0m] Started Set console scheme.
[[0;32m  OK  [0m] Created slice system-getty.slice.
[[0;32m  OK  [0m] Started Getty on tty1.
[[0;32m  OK  [0m] Reached target Login Prompts.
         Starting Authorization Manager...
[[0;32m  OK  [0m] Started Authorization Manager.
[[0;32m  OK  [0m] Started Accounts Service.
[[0;32m  OK  [0m] Started LSB: Record successful boot for GRUB.
[[0;32m  OK  [0m] Started Virtualbox guest utils.
[[0;32m  OK  [0m] Started Snap Daemon.
         Starting Wait until snapd is fully seeded...
         Starting Time & Date Service...
[[0;32m  OK  [0m] Started Time & Date Service.
[[0;32m  OK  [0m] Started Pollinate to seed the pseudo random number generator.
         Starting OpenBSD Secure Shell server...
[[0;32m  OK  [0m] Started OpenBSD Secure Shell server.
[[0;32m  OK  [0m] Created slice User Slice of vagrant.
         Starting User Manager for UID 1000...
[[0;32m  OK  [0m] Started Session 1 of user vagrant.
[[0;32m  OK  [0m] Started User Manager for UID 1000.

Ubuntu 18.04.6 LTS ubuntu-bionic ttyS0

ubuntu-bionic login: [   21.895316] cloud-init[1802]: Cloud-init v. 23.1.2-0ubuntu0~18.04.1 running 'modules:config' at Sun, 11 Aug 2024 23:36:23 +0000. Up 21.49 seconds.
ci-info: no authorized SSH keys fingerprints found for user ubuntu.
<14>Aug 11 23:36:24 cloud-init: #############################################################
<14>Aug 11 23:36:24 cloud-init: -----BEGIN SSH HOST KEY FINGERPRINTS-----
<14>Aug 11 23:36:24 cloud-init: 1024 SHA256:JmEQzmnkm3eWRMqdSmYGgVXxAenr85jkt4vHKw5Eye0 root@ubuntu-bionic (DSA)
<14>Aug 11 23:36:24 cloud-init: 256 SHA256:Col1qEjNVoxKKTyE1Y++Hqlw0FkV+2HoTLgoUUADQlE root@ubuntu-bionic (ECDSA)
<14>Aug 11 23:36:24 cloud-init: 256 SHA256:OX+qkcgQJ7FRpi67IEGOdVOfEeVyOo3awAm8cllWiEY root@ubuntu-bionic (ED25519)
<14>Aug 11 23:36:24 cloud-init: 2048 SHA256:64a97ApIdiA+EdgqFyJC4zTWaIf77CE3rJFevqoaFtk root@ubuntu-bionic (RSA)
<14>Aug 11 23:36:24 cloud-init: -----END SSH HOST KEY FINGERPRINTS-----
<14>Aug 11 23:36:24 cloud-init: #############################################################
-----BEGIN SSH HOST KEY KEYS-----
ecdsa-sha2-nistp256 AAAAE2VjZHNhLXNoYTItbmlzdHAyNTYAAAAIbmlzdHAyNTYAAABBBGGMW7qKgvvPDKCQWs4mDZ/oTyIomKYxvIhqhrOKv7rotpAfeDsjdMdHqtltkdnml30mZmNt4CHpg/WWV9UTG/c= root@ubuntu-bionic
ssh-ed25519 AAAAC3NzaC1lZDI1NTE5AAAAIOh3oO8NQSdyRSHZMjpDPqpF80tKnF9A++XuYvyCYO1A root@ubuntu-bionic
ssh-rsa AAAAB3NzaC1yc2EAAAADAQABAAABAQCYj124IjiEO8Tazi3pAzZGNZ21i8GcBj50R/hNmVXISpVP9aLGQ6eDJh9CyI/EqFq0qXEvQvezOZX6ACSQC6Jrw1mAgcDthcDONBaVBZt/oNF6pN4ryR7YQ4gLQAfzwuJuxW4P7p2S42iol8sr19MHlSKPb9/A6OX5SBrYmCy+M99u+QjbJ6idVzI7avkrBx0ceI8Td4luAfOYCzngzrKGNvpdhQID4MY4V5MeY9vKjv4ELOWJ6lqsW0FxH1hOL38doboytcQunVy7SGjKkroEriexoEUijZCjaooNW/IgycAFf9WispSbAETs2pv0CSCdjD47asxLcL9+1m3kXkAf root@ubuntu-bionic
-----END SSH HOST KEY KEYS-----
[   22.661957] cloud-init[1926]: Cloud-init v. 23.1.2-0ubuntu0~18.04.1 running 'modules:final' at Sun, 11 Aug 2024 23:36:24 +0000. Up 22.43 seconds.
[   22.673370] cloud-init[1926]: Cloud-init v. 23.1.2-0ubuntu0~18.04.1 finished at Sun, 11 Aug 2024 23:36:24 +0000. Datasource DataSourceNoCloud [seed=/dev/sdb][dsmode=net].  Up 22.65 seconds
